<?xml version="1.0" encoding="UTF-8"?>
<!-- Generated by org.testng.reporters.JUnitReportReporter -->
<testsuite hostname="PUN-CKV74Y1" name="com.stm.test.storeDemoQA" tests="1" failures="0" timestamp="9 May 2015 10:36:42 GMT" time="25.960" errors="0">
  <testcase name="testRegistration" time="25.960" classname="com.stm.test.storeDemoQA"/>
</testsuite> <!-- com.stm.test.storeDemoQA -->
