<?xml version="1.0" encoding="UTF-8"?>
<!-- Generated by org.testng.reporters.JUnitReportReporter -->
<testsuite hostname="PUN-CKV74Y1" name="com.stm.test.CaptureElementClick" tests="1" failures="0" timestamp="7 May 2015 11:09:12 GMT" time="2.657" errors="0">
  <testcase name="testGoogle" time="2.657" classname="com.stm.test.CaptureElementClick"/>
</testsuite> <!-- com.stm.test.CaptureElementClick -->
