<?xml version="1.0" encoding="UTF-8"?>
<!-- Generated by org.testng.reporters.JUnitReportReporter -->
<testsuite hostname="PUN-CKV74Y1" name="com.stm.test.RegistrationTest" tests="2" failures="0" timestamp="30 Apr 2015 08:44:48 GMT" time="10.361" errors="0">
  <testcase name="testLoginUser" time="4.192" classname="com.stm.test.RegistrationTest"/>
  <testcase name="testRegister" time="6.169" classname="com.stm.test.RegistrationTest"/>
</testsuite> <!-- com.stm.test.RegistrationTest -->
